<html>
<head>
<title>TestNG:  Smoke_Test</title>
<link href="../testng.css" rel="stylesheet" type="text/css" />
<link href="../my-testng.css" rel="stylesheet" type="text/css" />

<style type="text/css">
.log { display: none;} 
.stack-trace { display: none;} 
</style>
<script type="text/javascript">
<!--
function flip(e) {
  current = e.style.display;
  if (current == 'block') {
    e.style.display = 'none';
    return 0;
  }
  else {
    e.style.display = 'block';
    return 1;
  }
}

function toggleBox(szDivId, elem, msg1, msg2)
{
  var res = -1;  if (document.getElementById) {
    res = flip(document.getElementById(szDivId));
  }
  else if (document.all) {
    // this is the way old msie versions work
    res = flip(document.all[szDivId]);
  }
  if(elem) {
    if(res == 0) elem.innerHTML = msg1; else elem.innerHTML = msg2;
  }

}

function toggleAllBoxes() {
  if (document.getElementsByTagName) {
    d = document.getElementsByTagName('div');
    for (i = 0; i < d.length; i++) {
      if (d[i].className == 'log') {
        flip(d[i]);
      }
    }
  }
}

// -->
</script>

</head>
<body>
<h2 align='center'>Smoke_Test</h2><table border='1' align="center">
<tr>
<td>Tests passed/Failed/Skipped:</td><td>0/0/12</td>
</tr><tr>
<td>Started on:</td><td>Wed Sep 02 13:04:46 IST 2020</td>
</tr>
<tr><td>Total time:</td><td>31 seconds (31361 ms)</td>
</tr><tr>
<td>Included groups:</td><td></td>
</tr><tr>
<td>Excluded groups:</td><td></td>
</tr>
</table><p/>
<small><i>(Hover the method name to see the test class name)</i></small><p/>
<table width='100%' border='1' class='invocation-failed'>
<tr><td colspan='4' align='center'><b>FAILED CONFIGURATIONS</b></td></tr>
<tr><td><b>Test method</b></td>
<td width="30%"><b>Exception</b></td>
<td width="10%"><b>Time (seconds)</b></td>
<td><b>Instance</b></td>
</tr>
<tr>
<td title='testSuitOne.RegisterUser.openApplication()'><b>openApplication</b><br>Test class: testSuitOne.RegisterUser</td>
<td><div><pre>org.openqa.selenium.WebDriverException: Timed out waiting for driver server to start.
Build info: version: &apos;4.0.0-alpha-5&apos;, revision: &apos;b3a0d621cc&apos;
System info: host: &apos;DESKTOP-NAICKHQ&apos;, ip: &apos;192.168.43.236&apos;, os.name: &apos;Windows 10&apos;, os.arch: &apos;amd64&apos;, os.version: &apos;10.0&apos;, java.version: &apos;1.8.0_261&apos;
Driver info: driver.version: ChromeDriver
	at org.openqa.selenium.remote.service.DriverService.waitUntilAvailable(DriverService.java:214)
	at org.openqa.selenium.remote.service.DriverService.start(DriverService.java:196)
	at org.openqa.selenium.remote.service.DriverCommandExecutor.execute(DriverCommandExecutor.java:79)
	at org.openqa.selenium.remote.RemoteWebDriver.execute(RemoteWebDriver.java:582)
	at org.openqa.selenium.remote.RemoteWebDriver.startSession(RemoteWebDriver.java:216)
	at org.openqa.selenium.remote.RemoteWebDriver.&lt;init&gt;(RemoteWebDriver.java:136)
	at org.openqa.selenium.chromium.ChromiumDriver.&lt;init&gt;(ChromiumDriver.java:75)
	at org.openqa.selenium.chrome.ChromeDriver.&lt;init&gt;(ChromeDriver.java:163)
	at org.openqa.selenium.chrome.ChromeDriver.&lt;init&gt;(ChromeDriver.java:150)
	at org.openqa.selenium.chrome.ChromeDriver.&lt;init&gt;(ChromeDriver.java:105)
	at testSuitOne.RegisterUser.openApplication(RegisterUser.java:21)
Caused by: org.openqa.selenium.net.UrlChecker$TimeoutException: Timed out waiting for [http://localhost:7982/status] to be available after 20008 ms
	at org.openqa.selenium.net.UrlChecker.waitUntilAvailable(UrlChecker.java:86)
	at org.openqa.selenium.remote.service.DriverService.waitUntilAvailable(DriverService.java:209)
	... 34 more
Caused by: java.util.concurrent.TimeoutException
	at java.util.concurrent.FutureTask.get(FutureTask.java:205)
	at org.openqa.selenium.net.UrlChecker.waitUntilAvailable(UrlChecker.java:84)
	... 35 more
... Removed 24 stack frames</pre></div><a href='#' onClick='toggleBox("stack-trace1848289347", this, "Click to show all stack frames", "Click to hide stack frames")'>Click to show all stack frames</a>
<div class='stack-trace' id='stack-trace1848289347'><pre>org.openqa.selenium.WebDriverException: Timed out waiting for driver server to start.
Build info: version: &apos;4.0.0-alpha-5&apos;, revision: &apos;b3a0d621cc&apos;
System info: host: &apos;DESKTOP-NAICKHQ&apos;, ip: &apos;192.168.43.236&apos;, os.name: &apos;Windows 10&apos;, os.arch: &apos;amd64&apos;, os.version: &apos;10.0&apos;, java.version: &apos;1.8.0_261&apos;
Driver info: driver.version: ChromeDriver
	at org.openqa.selenium.remote.service.DriverService.waitUntilAvailable(DriverService.java:214)
	at org.openqa.selenium.remote.service.DriverService.start(DriverService.java:196)
	at org.openqa.selenium.remote.service.DriverCommandExecutor.execute(DriverCommandExecutor.java:79)
	at org.openqa.selenium.remote.RemoteWebDriver.execute(RemoteWebDriver.java:582)
	at org.openqa.selenium.remote.RemoteWebDriver.startSession(RemoteWebDriver.java:216)
	at org.openqa.selenium.remote.RemoteWebDriver.&lt;init&gt;(RemoteWebDriver.java:136)
	at org.openqa.selenium.chromium.ChromiumDriver.&lt;init&gt;(ChromiumDriver.java:75)
	at org.openqa.selenium.chrome.ChromeDriver.&lt;init&gt;(ChromeDriver.java:163)
	at org.openqa.selenium.chrome.ChromeDriver.&lt;init&gt;(ChromeDriver.java:150)
	at org.openqa.selenium.chrome.ChromeDriver.&lt;init&gt;(ChromeDriver.java:105)
	at testSuitOne.RegisterUser.openApplication(RegisterUser.java:21)
	at sun.reflect.NativeMethodAccessorImpl.invoke0(Native Method)
	at sun.reflect.NativeMethodAccessorImpl.invoke(NativeMethodAccessorImpl.java:62)
	at sun.reflect.DelegatingMethodAccessorImpl.invoke(DelegatingMethodAccessorImpl.java:43)
	at java.lang.reflect.Method.invoke(Method.java:498)
	at org.testng.internal.MethodInvocationHelper.invokeMethod(MethodInvocationHelper.java:86)
	at org.testng.internal.Invoker.invokeConfigurationMethod(Invoker.java:514)
	at org.testng.internal.Invoker.invokeConfigurations(Invoker.java:215)
	at org.testng.internal.Invoker.invokeConfigurations(Invoker.java:142)
	at org.testng.internal.TestMethodWorker.invokeBeforeClassMethods(TestMethodWorker.java:178)
	at org.testng.internal.TestMethodWorker.run(TestMethodWorker.java:108)
	at org.testng.TestRunner.privateRun(TestRunner.java:782)
	at org.testng.TestRunner.run(TestRunner.java:632)
	at org.testng.SuiteRunner.runTest(SuiteRunner.java:366)
	at org.testng.SuiteRunner.runSequentially(SuiteRunner.java:361)
	at org.testng.SuiteRunner.privateRun(SuiteRunner.java:319)
	at org.testng.SuiteRunner.run(SuiteRunner.java:268)
	at org.testng.SuiteRunnerWorker.runSuite(SuiteRunnerWorker.java:52)
	at org.testng.SuiteRunnerWorker.run(SuiteRunnerWorker.java:86)
	at org.testng.TestNG.runSuitesSequentially(TestNG.java:1244)
	at org.testng.TestNG.runSuitesLocally(TestNG.java:1169)
	at org.testng.TestNG.run(TestNG.java:1064)
	at org.testng.remote.AbstractRemoteTestNG.run(AbstractRemoteTestNG.java:115)
	at org.testng.remote.RemoteTestNG.initAndRun(RemoteTestNG.java:251)
	at org.testng.remote.RemoteTestNG.main(RemoteTestNG.java:77)
Caused by: org.openqa.selenium.net.UrlChecker$TimeoutException: Timed out waiting for [http://localhost:7982/status] to be available after 20008 ms
	at org.openqa.selenium.net.UrlChecker.waitUntilAvailable(UrlChecker.java:86)
	at org.openqa.selenium.remote.service.DriverService.waitUntilAvailable(DriverService.java:209)
	... 34 more
Caused by: java.util.concurrent.TimeoutException
	at java.util.concurrent.FutureTask.get(FutureTask.java:205)
	at org.openqa.selenium.net.UrlChecker.waitUntilAvailable(UrlChecker.java:84)
	... 35 more
</pre></div></td>
<td>0</td>
<td>testSuitOne.RegisterUser@6e0dec4a</td></tr>
</table><p>
<table width='100%' border='1' class='invocation-skipped'>
<tr><td colspan='4' align='center'><b>SKIPPED CONFIGURATIONS</b></td></tr>
<tr><td><b>Test method</b></td>
<td width="30%"><b>Exception</b></td>
<td width="10%"><b>Time (seconds)</b></td>
<td><b>Instance</b></td>
</tr>
<tr>
<td title='testSuitOne.RegisterUser.CloseApplication()'><b>CloseApplication</b><br>Test class: testSuitOne.RegisterUser</td>
<td></td>
<td>0</td>
<td>testSuitOne.RegisterUser@6e0dec4a</td></tr>
</table><p>
<table width='100%' border='1' class='invocation-skipped'>
<tr><td colspan='4' align='center'><b>SKIPPED TESTS</b></td></tr>
<tr><td><b>Test method</b></td>
<td width="30%"><b>Exception</b></td>
<td width="10%"><b>Time (seconds)</b></td>
<td><b>Instance</b></td>
</tr>
<tr>
<td title='testSuitOne.RegisterUser.addnew()'><b>addnew</b><br>Test class: testSuitOne.RegisterUser</td>
<td></td>
<td>0</td>
<td>testSuitOne.RegisterUser@6e0dec4a</td></tr>
<tr>
<td title='testSuitOne.RegisterUser.clickOnEmail()'><b>clickOnEmail</b><br>Test class: testSuitOne.RegisterUser</td>
<td></td>
<td>0</td>
<td>testSuitOne.RegisterUser@6e0dec4a</td></tr>
<tr>
<td title='testSuitOne.RegisterUser.clickonOrders()'><b>clickonOrders</b><br>Test class: testSuitOne.RegisterUser</td>
<td></td>
<td>0</td>
<td>testSuitOne.RegisterUser@6e0dec4a</td></tr>
<tr>
<td title='testSuitOne.RegisterUser.fillTheForm()'><b>fillTheForm</b><br>Test class: testSuitOne.RegisterUser</td>
<td></td>
<td>0</td>
<td>testSuitOne.RegisterUser@6e0dec4a</td></tr>
<tr>
<td title='testSuitOne.RegisterUser.leftClickOnAddress()'><b>leftClickOnAddress</b><br>Test class: testSuitOne.RegisterUser</td>
<td></td>
<td>0</td>
<td>testSuitOne.RegisterUser@6e0dec4a</td></tr>
<tr>
<td title='testSuitOne.RegisterUser.logoutAfterRegistration()'><b>logoutAfterRegistration</b><br>Test class: testSuitOne.RegisterUser</td>
<td></td>
<td>0</td>
<td>testSuitOne.RegisterUser@6e0dec4a</td></tr>
<tr>
<td title='testSuitOne.RegisterUser.register()'><b>register</b><br>Test class: testSuitOne.RegisterUser</td>
<td></td>
<td>0</td>
<td>testSuitOne.RegisterUser@6e0dec4a</td></tr>
<tr>
<td title='testSuitOne.RegisterUser.verifyLoginEmailId()'><b>verifyLoginEmailId</b><br>Test class: testSuitOne.RegisterUser</td>
<td></td>
<td>0</td>
<td>testSuitOne.RegisterUser@6e0dec4a</td></tr>
<tr>
<td title='testSuitOne.RegisterUser.verifyOrdersDetails()'><b>verifyOrdersDetails</b><br>Test class: testSuitOne.RegisterUser</td>
<td></td>
<td>0</td>
<td>testSuitOne.RegisterUser@6e0dec4a</td></tr>
<tr>
<td title='testSuitOne.RegisterUser.verifyRegistration()'><b>verifyRegistration</b><br>Test class: testSuitOne.RegisterUser</td>
<td></td>
<td>0</td>
<td>testSuitOne.RegisterUser@6e0dec4a</td></tr>
<tr>
<td title='testSuitOne.RegisterUser.verifyShoppingCartDetails()'><b>verifyShoppingCartDetails</b><br>Test class: testSuitOne.RegisterUser</td>
<td></td>
<td>0</td>
<td>testSuitOne.RegisterUser@6e0dec4a</td></tr>
<tr>
<td title='testSuitOne.RegisterUser.verifyloginWithSameCredential()'><b>verifyloginWithSameCredential</b><br>Test class: testSuitOne.RegisterUser</td>
<td></td>
<td>0</td>
<td>testSuitOne.RegisterUser@6e0dec4a</td></tr>
</table><p>
</body>
</html>