<?xml version="1.0" encoding="UTF-8"?>
<!-- Generated by org.testng.reporters.JUnitXMLReporter -->
<testsuite hostname="DESKTOP-NAICKHQ" name="Smoke_Test" tests="12" failures="0" timestamp="2 Sep 2020 07:35:18 GMT" time="31.361" errors="0">
  <testcase name="@BeforeClass openApplication" time="0.0" classname="testSuitOne.RegisterUser">
    <failure type="org.openqa.selenium.WebDriverException" message="Timed out waiting for driver server to start.
Build info: version: &amp;apos;4.0.0-alpha-5&amp;apos;, revision: &amp;apos;b3a0d621cc&amp;apos;
System info: host: &amp;apos;DESKTOP-NAICKHQ&amp;apos;, ip: &amp;apos;192.168.43.236&amp;apos;, os.name: &amp;apos;Windows 10&amp;apos;, os.arch: &amp;apos;amd64&amp;apos;, os.version: &amp;apos;10.0&amp;apos;, java.version: &amp;apos;1.8.0_261&amp;apos;
Driver info: driver.version: ChromeDriver">
      <![CDATA[org.openqa.selenium.WebDriverException: Timed out waiting for driver server to start.
Build info: version: '4.0.0-alpha-5', revision: 'b3a0d621cc'
System info: host: 'DESKTOP-NAICKHQ', ip: '192.168.43.236', os.name: 'Windows 10', os.arch: 'amd64', os.version: '10.0', java.version: '1.8.0_261'
Driver info: driver.version: ChromeDriver
	at org.openqa.selenium.remote.service.DriverService.waitUntilAvailable(DriverService.java:214)
	at org.openqa.selenium.remote.service.DriverService.start(DriverService.java:196)
	at org.openqa.selenium.remote.service.DriverCommandExecutor.execute(DriverCommandExecutor.java:79)
	at org.openqa.selenium.remote.RemoteWebDriver.execute(RemoteWebDriver.java:582)
	at org.openqa.selenium.remote.RemoteWebDriver.startSession(RemoteWebDriver.java:216)
	at org.openqa.selenium.remote.RemoteWebDriver.<init>(RemoteWebDriver.java:136)
	at org.openqa.selenium.chromium.ChromiumDriver.<init>(ChromiumDriver.java:75)
	at org.openqa.selenium.chrome.ChromeDriver.<init>(ChromeDriver.java:163)
	at org.openqa.selenium.chrome.ChromeDriver.<init>(ChromeDriver.java:150)
	at org.openqa.selenium.chrome.ChromeDriver.<init>(ChromeDriver.java:105)
	at testSuitOne.RegisterUser.openApplication(RegisterUser.java:21)
Caused by: org.openqa.selenium.net.UrlChecker$TimeoutException: Timed out waiting for [http://localhost:7982/status] to be available after 20008 ms
	at org.openqa.selenium.net.UrlChecker.waitUntilAvailable(UrlChecker.java:86)
	at org.openqa.selenium.remote.service.DriverService.waitUntilAvailable(DriverService.java:209)
	... 34 more
Caused by: java.util.concurrent.TimeoutException
	at java.util.concurrent.FutureTask.get(FutureTask.java:205)
	at org.openqa.selenium.net.UrlChecker.waitUntilAvailable(UrlChecker.java:84)
	... 35 more
... Removed 24 stack frames]]>
    </failure>
  </testcase> <!-- @BeforeClass openApplication -->
  <testcase name="@AfterClass CloseApplication" time="0.0" classname="testSuitOne.RegisterUser">
    <skipped/>
  </testcase> <!-- @AfterClass CloseApplication -->
  <testcase name="register" time="0.004" classname="testSuitOne.RegisterUser">
    <skipped/>
  </testcase> <!-- register -->
  <testcase name="verifyRegistration" time="0.014" classname="testSuitOne.RegisterUser">
    <skipped/>
  </testcase> <!-- verifyRegistration -->
  <testcase name="logoutAfterRegistration" time="0.006" classname="testSuitOne.RegisterUser">
    <skipped/>
  </testcase> <!-- logoutAfterRegistration -->
  <testcase name="verifyloginWithSameCredential" time="0.004" classname="testSuitOne.RegisterUser">
    <skipped/>
  </testcase> <!-- verifyloginWithSameCredential -->
  <testcase name="verifyLoginEmailId" time="0.047" classname="testSuitOne.RegisterUser">
    <skipped/>
  </testcase> <!-- verifyLoginEmailId -->
  <testcase name="clickOnEmail" time="0.004" classname="testSuitOne.RegisterUser">
    <skipped/>
  </testcase> <!-- clickOnEmail -->
  <testcase name="leftClickOnAddress" time="0.017" classname="testSuitOne.RegisterUser">
    <skipped/>
  </testcase> <!-- leftClickOnAddress -->
  <testcase name="addnew" time="0.005" classname="testSuitOne.RegisterUser">
    <skipped/>
  </testcase> <!-- addnew -->
  <testcase name="fillTheForm" time="0.018" classname="testSuitOne.RegisterUser">
    <skipped/>
  </testcase> <!-- fillTheForm -->
  <testcase name="clickonOrders" time="0.003" classname="testSuitOne.RegisterUser">
    <skipped/>
  </testcase> <!-- clickonOrders -->
  <testcase name="verifyOrdersDetails" time="0.003" classname="testSuitOne.RegisterUser">
    <skipped/>
  </testcase> <!-- verifyOrdersDetails -->
  <testcase name="verifyShoppingCartDetails" time="0.003" classname="testSuitOne.RegisterUser">
    <skipped/>
  </testcase> <!-- verifyShoppingCartDetails -->
</testsuite> <!-- Smoke_Test -->
